{
  "stats": {
    "suites": 1,
    "tests": 1,
    "passes": 1,
    "pending": 0,
    "failures": 0,
    "start": "2023-05-16T14:29:00.826Z",
    "end": "2023-05-16T14:29:22.722Z",
    "duration": 21896,
    "testsRegistered": 1,
    "passPercent": 100,
    "pendingPercent": 0,
    "other": 0,
    "hasOther": false,
    "skipped": 0,
    "hasSkipped": false
  },
  "results": [
    {
      "uuid": "43ac9398-ec65-437c-8f6f-ef3a212e0580",
      "title": "",
      "fullFile": "cypress\\e2e\\SPAC\\Mantenimiento\\Desvio_de_inyecciones\\configuracion_contactos.cy.js",
      "file": "cypress\\e2e\\SPAC\\Mantenimiento\\Desvio_de_inyecciones\\configuracion_contactos.cy.js",
      "beforeHooks": [],
      "afterHooks": [],
      "tests": [],
      "suites": [
        {
          "uuid": "f7640324-129c-484f-9c7f-efc95c97939b",
          "title": "Test cases de modulo <SPAC/Mantenimiento/Desvio de inyecciones/Configuracion de contactos>",
          "fullFile": "",
          "file": "",
          "beforeHooks": [],
          "afterHooks": [],
          "tests": [
            {
              "title": "us1140 - validar exportar reportes (.xls/.pdf/print)",
              "fullTitle": "Test cases de modulo <SPAC/Mantenimiento/Desvio de inyecciones/Configuracion de contactos> us1140 - validar exportar reportes (.xls/.pdf/print)",
              "timedOut": null,
              "duration": 19093,
              "state": "passed",
              "speed": "slow",
              "pass": true,
              "fail": false,
              "pending": false,
              "context": null,
              "code": "// go to configContact page\ncy.visit('http://10.1.11.237:8080/etgs/spac/mantenimiento/desviodeinyeccion/configuraciondecontactos');\ncy.get('#navPath').contains('Configuracion de Contactos', {\n  matchCase: false\n}).should('exist'); // validate headers name\ncy.get('div.HeaderSvgCustomIcon.PdfIcon').should('be.visible').click(); // click on pdf button\ncy.readFile('cypress/downloads/contactosDesvioDeInyeccion.pdf').should('exist'); // .pdf doc download correctly\ncy.get('div.HeaderSvgCustomIcon.ExcelIcon').should('be.visible').click(); // click on excel button\ncy.readFile('cypress/downloads/contactosDesvioDeInyeccion.xls').should('exist'); // .xls doc download correctly\ncy.get('path').eq(0).click(); //click on print button\ncy.window().should('have.property', 'open'); // verify then you have the windows open",
              "err": {},
              "uuid": "0f8ec5e2-81d8-43f0-aff9-dd0cdbb95c84",
              "parentUUID": "f7640324-129c-484f-9c7f-efc95c97939b",
              "isHook": false,
              "skipped": false
            }
          ],
          "suites": [],
          "passes": [
            "0f8ec5e2-81d8-43f0-aff9-dd0cdbb95c84"
          ],
          "failures": [],
          "pending": [],
          "skipped": [],
          "duration": 19093,
          "root": false,
          "rootEmpty": false,
          "_timeout": 2000
        }
      ],
      "passes": [],
      "failures": [],
      "pending": [],
      "skipped": [],
      "duration": 0,
      "root": true,
      "rootEmpty": true,
      "_timeout": 2000
    }
  ],
  "meta": {
    "mocha": {
      "version": "7.0.1"
    },
    "mochawesome": {
      "options": {
        "quiet": false,
        "reportFilename": "mochawesome",
        "saveHtml": false,
        "saveJson": true,
        "consoleReporter": "spec",
        "useInlineDiffs": false,
        "code": true
      },
      "version": "7.1.3"
    },
    "marge": {
      "options": {
        "reportDir": "cypress/results",
        "overwrite": false,
        "html": false,
        "json": true
      },
      "version": "6.2.0"
    }
  }
}