{
  "stats": {
    "suites": 1,
    "tests": 6,
    "passes": 4,
    "pending": 0,
    "failures": 2,
    "start": "2023-05-16T21:10:57.507Z",
    "end": "2023-05-16T21:12:24.346Z",
    "duration": 86839,
    "testsRegistered": 6,
    "passPercent": 66.66666666666666,
    "pendingPercent": 0,
    "other": 0,
    "hasOther": false,
    "skipped": 0,
    "hasSkipped": false
  },
  "results": [
    {
      "uuid": "98ff911b-c195-49da-9a64-f7a37f6b0195",
      "title": "",
      "fullFile": "cypress\\e2e\\SPAC\\Mantenimiento\\Desvio_de_inyecciones\\configuracion_contactos.cy.js",
      "file": "cypress\\e2e\\SPAC\\Mantenimiento\\Desvio_de_inyecciones\\configuracion_contactos.cy.js",
      "beforeHooks": [],
      "afterHooks": [],
      "tests": [],
      "suites": [
        {
          "uuid": "7357e4a6-d835-4d2f-8b7e-6923d2c51057",
          "title": "Test cases de modulo <SPAC/Mantenimiento/Desvio de inyecciones/Configuracion de contactos>",
          "fullFile": "",
          "file": "",
          "beforeHooks": [],
          "afterHooks": [],
          "tests": [
            {
              "title": "us1120 - Validacion del menu, pantalla y carga inicial",
              "fullTitle": "Test cases de modulo <SPAC/Mantenimiento/Desvio de inyecciones/Configuracion de contactos> us1120 - Validacion del menu, pantalla y carga inicial",
              "timedOut": null,
              "duration": 7272,
              "state": "passed",
              "speed": "medium",
              "pass": true,
              "fail": false,
              "pending": false,
              "context": null,
              "code": "//dirigirse al punto configContactos por UI\ncy.visit('http://10.1.11.237:8080/etgs/');\ncy.contains('span.MuiListItemText-primary', 'SPAC').click();\ncy.contains('span.MuiListItemText-primary', 'Mantenimiento').click();\ncy.contains('span.MuiListItemText-primary', 'Desvío de Inyección').click();\ncy.contains('span.MuiListItemText-primary', 'Configuración de Contactos').click();\n// dirigirse a la pagina y validar el titulo en el headers\ncy.get('#navPath').contains('Configuracion de Contactos', {\n  matchCase: false\n}).should('exist'); // validar nombre el headers\n// valiar textBoxes de filtro\ncy.contains('Gasoducto:').should('exist');\ncy.contains('Entidad Legal:').should('exist');\ncy.contains('Contacto:').should('exist');\n// validar columnas de la grilla\ncy.get('table').contains('th', 'Gasoducto').should('exist');\ncy.get('table').contains('th', 'Nro').should('exist');\ncy.get('table').contains('th', 'Entidad Legal').should('exist');\ncy.get('table').contains('th', 'Contacto').should('exist');\ncy.get('table').contains('th', 'Mail').should('exist');\ncy.get('table').contains('th', 'Sin MAPO (Exceso de inyeccion)').should('exist');\ncy.get('table').contains('th', 'Con MAPO (Exceso de inyeccion)').should('exist');\ncy.get('table').contains('th', 'Deficit de Inyeccion').should('exist');\n//exportar grilla\ncy.get('div.HeaderSvgCustomIcon.ExcelIcon').should('exist');\ncy.get('div.HeaderSvgCustomIcon.PdfIcon').should('exist');\ncy.get('svg.MuiSvgIcon-root.HeaderSvgCustomIcon.PrintIcon').should('exist');",
              "err": {},
              "uuid": "4a1aa4f8-0943-4a02-ad9d-351f79867b85",
              "parentUUID": "7357e4a6-d835-4d2f-8b7e-6923d2c51057",
              "isHook": false,
              "skipped": false
            },
            {
              "title": "us1123 - Validacion filtros <Gasoducto/Entidad_Legal/Contacto>",
              "fullTitle": "Test cases de modulo <SPAC/Mantenimiento/Desvio de inyecciones/Configuracion de contactos> us1123 - Validacion filtros <Gasoducto/Entidad_Legal/Contacto>",
              "timedOut": null,
              "duration": 11821,
              "state": "passed",
              "speed": "slow",
              "pass": true,
              "fail": false,
              "pending": false,
              "context": null,
              "code": "cy.visit('http://10.1.11.237:8080/etgs/spac/mantenimiento/desviodeinyeccion/configuraciondecontactos'); // dirigirse al punto configContactos\ncy.get('#navPath').contains('Configuracion de Contactos', {\n  matchCase: false\n}).should('exist'); // validar nombre el headers\n// usar los filtros y corroborar los datos obtenidos\ncy.get('input[name=\"nombreGasoducto\"]').type('Neuba II');\ncy.get('table').contains('td', 'Neuba II').should('exist');\ncy.get('input[name=\"nombreEntidadLegal\"]').type('YPF S.A.');\ncy.get('table').contains('td', 'YPF S.A.').should('exist');\ncy.get('input[name=\"nombre\"]').type('Javier Val');\ncy.get('table').contains('td', 'Javier Val').should('exist');",
              "err": {},
              "uuid": "f8e781ac-2463-469c-9216-4480c0e1568c",
              "parentUUID": "7357e4a6-d835-4d2f-8b7e-6923d2c51057",
              "isHook": false,
              "skipped": false
            },
            {
              "title": "us1126 - Validar accion \"Agregar nuevo\"",
              "fullTitle": "Test cases de modulo <SPAC/Mantenimiento/Desvio de inyecciones/Configuracion de contactos> us1126 - Validar accion \"Agregar nuevo\"",
              "timedOut": null,
              "duration": 19841,
              "state": "passed",
              "speed": "slow",
              "pass": true,
              "fail": false,
              "pending": false,
              "context": null,
              "code": "cy.visit('http://10.1.11.237:8080/etgs/spac/mantenimiento/desviodeinyeccion/configuraciondecontactos'); // dirigirse al punto configContactos\ncy.get('#navPath').contains('Configuracion de Contactos', {\n  matchCase: false\n}).should('exist'); // validar nombre el headers\n// agregar nuevo contacto\ncy.contains('Agregar Nuevo').click();\ncy.get(':nth-child(1) > .MuiAutocomplete-root > .MuiFormControl-root').click().type('TF - Troncal{enter}');\ncy.get(':nth-child(2) > .MuiAutocomplete-root > .MuiFormControl-root').click().type('CINERGIA{enter}');\ncy.get('#name').click().type('Messi{enter}');\ncy.get('#mail').click().type('pruebas@messi.com{enter}');\ncy.contains('Aceptar').click();\ncy.wait(200);\ncy.get('input[name=\"nombre\"]').type('Mess');\ncy.contains('Messi').should('exist');\ncy.get('.actionBars > :nth-child(1) > .MuiButton-label').click();\ncy.get('#message-id').should('exist');",
              "err": {},
              "uuid": "7bddf6fc-dd86-4583-b046-4b41af7c269d",
              "parentUUID": "7357e4a6-d835-4d2f-8b7e-6923d2c51057",
              "isHook": false,
              "skipped": false
            },
            {
              "title": "us1127 - Validar editar contacto",
              "fullTitle": "Test cases de modulo <SPAC/Mantenimiento/Desvio de inyecciones/Configuracion de contactos> us1127 - Validar editar contacto",
              "timedOut": null,
              "duration": 18731,
              "state": "passed",
              "speed": "slow",
              "pass": true,
              "fail": false,
              "pending": false,
              "context": null,
              "code": "let counter = 1;\ncy.visit('http://10.1.11.237:8080/etgs/spac/mantenimiento/desviodeinyeccion/configuraciondecontactos'); // go to configContact page\ncy.get('#navPath').contains('Configuracion de Contactos', {\n  matchCase: false\n}).should('exist'); // validate headers name\ncy.get('.MuiTableBody-root.tables_body') // pick table\n.find('tr:first-child > :nth-child(6)') // pick 1st row & 6th column on table\n.find('.MuiButtonBase-root.MuiIconButton-root.MuiIconButton-colorPrimary.MuiIconButton-sizeSmall') // select edit button\n.should('exist').click({\n  force: true\n});\n//edith 1st data on table for 1st time\ncy.get('#name').clear().each($input => {\n  const textToType = `test ${counter}`;\n  cy.wrap($input).type(textToType);\n  counter++;\n  cy.contains('Aceptar').click();\n  //edit 1st data on table for 2th time\n  cy.get('.MuiTableBody-root.tables_body') // pick table\n  .find('tr:first-child > :nth-child(6)') //pick 1st row & 6th column on table\n  .find('.MuiButtonBase-root.MuiIconButton-root.MuiIconButton-colorPrimary.MuiIconButton-sizeSmall') // select edit button\n  .should('exist').click({\n    force: true\n  });\n  cy.get('#name').clear().each($input => {\n    const textToType = `test ${counter}`;\n    cy.wrap($input).type(textToType);\n    counter++;\n  });\n});\ncy.contains('Aceptar').click();\ncy.get('.MuiTableBody-root.tables_body') // pick table\n.find('tr:first-child').contains('test'); // pick 1st row on table\ncy.get('.actionBars > :nth-child(1) > .MuiButton-label').click(); // select 'grabar' button on footer\ncy.get('#message-id').should('exist');",
              "err": {},
              "uuid": "13cdb080-b1a8-4cde-8c25-871877f2ab59",
              "parentUUID": "7357e4a6-d835-4d2f-8b7e-6923d2c51057",
              "isHook": false,
              "skipped": false
            },
            {
              "title": "us1128 - validar eliminar contacto",
              "fullTitle": "Test cases de modulo <SPAC/Mantenimiento/Desvio de inyecciones/Configuracion de contactos> us1128 - validar eliminar contacto",
              "timedOut": null,
              "duration": 13463,
              "state": "failed",
              "speed": null,
              "pass": false,
              "fail": true,
              "pending": false,
              "context": null,
              "code": "cy.visit('http://10.1.11.237:8080/etgs/spac/mantenimiento/desviodeinyeccion/configuraciondecontactos'); // go to configContact page\ncy.get('#navPath').contains('Configuracion de Contactos', {\n  matchCase: false\n}).should('exist'); // validate headers name\ncy.contains('test').should('exist'); // check exist the 'test' name in table\ncy.get('.MuiTableBody-root.tables_body') // pick table\n.find('tr:first-child > :nth-child(7)') // pick 1st row & 7th column on table\n.find('.MuiButtonBase-root.MuiIconButton-root.MuiIconButton-colorPrimary.MuiIconButton-sizeSmall') // select delete button\n.should('exist').click({\n  force: true\n});\ncy.on('window:confirm', () => {\n  return true;\n});\ncy.contains('test').should('not.exist'); // check not exist the 'test' name in table",
              "err": {
                "message": "AssertionError: Timed out retrying after 4000ms: Expected not to find content: 'test' but continuously found it.",
                "estack": "AssertionError: Timed out retrying after 4000ms: Expected not to find content: 'test' but continuously found it.\n    at Context.eval (webpack:///./cypress/e2e/SPAC/Mantenimiento/Desvio_de_inyecciones/configuracion_contactos.cy.js:137:24)",
                "diff": null
              },
              "uuid": "53821e07-30d2-42fe-95f7-5921f0fbd4c6",
              "parentUUID": "7357e4a6-d835-4d2f-8b7e-6923d2c51057",
              "isHook": false,
              "skipped": false
            },
            {
              "title": "us1140 - validar exportar reportes (.xls/.pdf/print)",
              "fullTitle": "Test cases de modulo <SPAC/Mantenimiento/Desvio de inyecciones/Configuracion de contactos> us1140 - validar exportar reportes (.xls/.pdf/print)",
              "timedOut": null,
              "duration": 13704,
              "state": "failed",
              "speed": null,
              "pass": false,
              "fail": true,
              "pending": false,
              "context": null,
              "code": "// go to configContact page\ncy.visit('http://10.1.11.237:8080/etgs/spac/mantenimiento/desviodeinyeccion/configuraciondecontactos');\ncy.get('#navPath').contains('Configuracion de Contactos', {\n  matchCase: false\n}).should('exist'); // validate headers name\ncy.get('div.HeaderSvgCustomIcon.PdfIcon').should('be.visible').click(); // click on pdf button\ncy.readFile('cypress/downloads/contactosDesvioDeInyeccion.pdf').should('exist'); // .pdf doc download correctly\ncy.get('div.HeaderSvgCustomIcon.ExcelIcon').should('be.visible').click(); // click on excel button\ncy.readFile('cypress/downloads/contactosDesvioDeInyeccion.xls').should('exist'); // .xls doc download correctly\ncy.get('path').eq(0).click(); //click on print button\ncy.window().should('have.property', 'open'); // verify then you have the windows open",
              "err": {
                "message": "AssertionError: Timed out retrying after 4000ms: `cy.readFile(\"cypress/downloads/contactosDesvioDeInyeccion.pdf\")` failed because the file does not exist at the following path:\n\n`C:\\Users\\jcaceres\\Documents\\automation\\tgs\\cypress\\bf\\api-test\\cypress\\downloads\\contactosDesvioDeInyeccion.pdf`\n\nhttps://on.cypress.io/readfile",
                "estack": "AssertionError: Timed out retrying after 4000ms: `cy.readFile(\"cypress/downloads/contactosDesvioDeInyeccion.pdf\")` failed because the file does not exist at the following path:\n\n`C:\\Users\\jcaceres\\Documents\\automation\\tgs\\cypress\\bf\\api-test\\cypress\\downloads\\contactosDesvioDeInyeccion.pdf`\n\nhttps://on.cypress.io/readfile\n    at Context.eval (webpack:///./cypress/e2e/SPAC/Mantenimiento/Desvio_de_inyecciones/configuracion_contactos.cy.js:146:68)",
                "diff": null
              },
              "uuid": "7bcb2529-2a7d-437a-8b38-e35d00eb770a",
              "parentUUID": "7357e4a6-d835-4d2f-8b7e-6923d2c51057",
              "isHook": false,
              "skipped": false
            }
          ],
          "suites": [],
          "passes": [
            "4a1aa4f8-0943-4a02-ad9d-351f79867b85",
            "f8e781ac-2463-469c-9216-4480c0e1568c",
            "7bddf6fc-dd86-4583-b046-4b41af7c269d",
            "13cdb080-b1a8-4cde-8c25-871877f2ab59"
          ],
          "failures": [
            "53821e07-30d2-42fe-95f7-5921f0fbd4c6",
            "7bcb2529-2a7d-437a-8b38-e35d00eb770a"
          ],
          "pending": [],
          "skipped": [],
          "duration": 84832,
          "root": false,
          "rootEmpty": false,
          "_timeout": 2000
        }
      ],
      "passes": [],
      "failures": [],
      "pending": [],
      "skipped": [],
      "duration": 0,
      "root": true,
      "rootEmpty": true,
      "_timeout": 2000
    }
  ],
  "meta": {
    "mocha": {
      "version": "7.0.1"
    },
    "mochawesome": {
      "options": {
        "quiet": false,
        "reportFilename": "mochawesome",
        "saveHtml": false,
        "saveJson": true,
        "consoleReporter": "spec",
        "useInlineDiffs": false,
        "code": true
      },
      "version": "7.1.3"
    },
    "marge": {
      "options": {
        "reportDir": "cypress/results",
        "overwrite": false,
        "html": false,
        "json": true
      },
      "version": "6.2.0"
    }
  }
}